#
# There is insufficient memory for the Java Runtime Environment to continue.
# Native memory allocation (malloc) failed to allocate 65552 bytes for Chunk::new
# Possible reasons:
#   The system is out of physical RAM or swap space
#   The process is running with CompressedOops enabled, and the Java Heap may be blocking the growth of the native heap
# Possible solutions:
#   Reduce memory load on the system
#   Increase physical memory or swap space
#   Check if swap backing store is full
#   Decrease Java heap size (-Xmx/-Xms)
#   Decrease number of Java threads
#   Decrease Java thread stack sizes (-Xss)
#   Set larger code cache with -XX:ReservedCodeCacheSize=
#   JVM is running with Unscaled Compressed Oops mode in which the Java heap is
#     placed in the first 4GB address space. The Java Heap base address is the
#     maximum limit for the native heap growth. Please use -XX:HeapBaseMinAddress
#     to set the Java Heap base and to place the Java Heap above 4GB virtual address.
# This output file may be truncated or incomplete.
#
#  Out of Memory Error (arena.cpp:195), pid=2688, tid=22784
#
# JRE version: Java(TM) SE Runtime Environment (16.0.2+7) (build 16.0.2+7-67)
# Java VM: Java HotSpot(TM) 64-Bit Server VM (16.0.2+7-67, mixed mode, sharing, tiered, compressed oops, compressed class ptrs, g1 gc, windows-amd64)
# No core dump will be written. Minidumps are not enabled by default on client versions of Windows
#

---------------  S U M M A R Y ------------

Command Line: -Dfile.encoding=Cp1252 -XX:+ShowCodeDetailsInExceptionMessages testApp.Application

Host: Intel(R) Core(TM) i5-10210U CPU @ 1.60GHz, 8 cores, 7G,  Windows 10 , 64 bit Build 22000 (10.0.22000.708)
Time: Mon Oct 24 16:23:18 2022 SE Asia Standard Time elapsed time: 0.337368 seconds (0d 0h 0m 0s)

---------------  T H R E A D  ---------------

Current thread (0x000002578736a020):  JavaThread "C2 CompilerThread1" daemon [_thread_in_native, id=22784, stack(0x000000a6c1200000,0x000000a6c1300000)]


Current CompileTask:
C2:    337  665 %     4       sun.security.provider.SHA::implCompress0 @ 3 (482 bytes)

Stack: [0x000000a6c1200000,0x000000a6c1300000]
Native frames: (J=compiled Java code, j=interpreted, Vv=VM code, C=native code)
V  [jvm.dll+0x6681ca]
V  [jvm.dll+0x7c9e69]
V  [jvm.dll+0x7cb61e]
V  [jvm.dll+0x7cbc73]
V  [jvm.dll+0x242c55]
V  [jvm.dll+0xadeba]
V  [jvm.dll+0xae45c]
V  [jvm.dll+0xadfcb]
V  [jvm.dll+0x68dad4]
V  [jvm.dll+0x1a6523]
V  [jvm.dll+0x68c2d1]
V  [jvm.dll+0x21e878]
V  [jvm.dll+0x217c01]
V  [jvm.dll+0x214ffc]
V  [jvm.dll+0x1a1beb]
V  [jvm.dll+0x225158]
V  [jvm.dll+0x22319c]
V  [jvm.dll+0x77fa62]
V  [jvm.dll+0x7795aa]
V  [jvm.dll+0x667066]
C  [ucrtbase.dll+0x26c0c]
C  [KERNEL32.DLL+0x154e0]
C  [ntdll.dll+0x485b]


---------------  P R O C E S S  ---------------

Threads class SMR info:
_java_thread_list=0x00000257873d0600, length=17, elements={
0x00000257e859ac40, 0x0000025786540f80, 0x0000025786541b80, 0x00000257865576c0,
0x00000257865581d0, 0x000002578655bbf0, 0x000002578655faf0, 0x0000025786561740,
0x0000025786564150, 0x000002578656fea0, 0x00000257870add80, 0x00000257870b09b0,
0x00000257870efbb0, 0x0000025787287120, 0x00000257872cff90, 0x000002578736a020,
0x000002578801b8e0
}

Java Threads: ( => current thread )
  0x00000257e859ac40 JavaThread "main" [_thread_blocked, id=25172, stack(0x000000a6bfc00000,0x000000a6bfd00000)]
  0x0000025786540f80 JavaThread "Reference Handler" daemon [_thread_blocked, id=12732, stack(0x000000a6c0300000,0x000000a6c0400000)]
  0x0000025786541b80 JavaThread "Finalizer" daemon [_thread_blocked, id=21060, stack(0x000000a6c0400000,0x000000a6c0500000)]
  0x00000257865576c0 JavaThread "Signal Dispatcher" daemon [_thread_blocked, id=15600, stack(0x000000a6c0500000,0x000000a6c0600000)]
  0x00000257865581d0 JavaThread "Attach Listener" daemon [_thread_blocked, id=5600, stack(0x000000a6c0600000,0x000000a6c0700000)]
  0x000002578655bbf0 JavaThread "Service Thread" daemon [_thread_blocked, id=18368, stack(0x000000a6c0700000,0x000000a6c0800000)]
  0x000002578655faf0 JavaThread "Monitor Deflation Thread" daemon [_thread_blocked, id=2012, stack(0x000000a6c0800000,0x000000a6c0900000)]
  0x0000025786561740 JavaThread "C2 CompilerThread0" daemon [_thread_in_native, id=20476, stack(0x000000a6c0900000,0x000000a6c0a00000)]
  0x0000025786564150 JavaThread "C1 CompilerThread0" daemon [_thread_in_vm, id=21896, stack(0x000000a6c0a00000,0x000000a6c0b00000)]
  0x000002578656fea0 JavaThread "Sweeper thread" daemon [_thread_blocked, id=23208, stack(0x000000a6c0b00000,0x000000a6c0c00000)]
  0x00000257870add80 JavaThread "Notification Thread" daemon [_thread_blocked, id=23472, stack(0x000000a6c0c00000,0x000000a6c0d00000)]
  0x00000257870b09b0 JavaThread "Common-Cleaner" daemon [_thread_blocked, id=16512, stack(0x000000a6c0e00000,0x000000a6c0f00000)]
  0x00000257870efbb0 JavaThread "Java2D Disposer" daemon [_thread_blocked, id=21232, stack(0x000000a6c0f00000,0x000000a6c1000000)]
  0x0000025787287120 JavaThread "AWT-Shutdown" [_thread_blocked, id=14360, stack(0x000000a6c1000000,0x000000a6c1100000)]
  0x00000257872cff90 JavaThread "AWT-Windows" daemon [_thread_in_native, id=2716, stack(0x000000a6c1100000,0x000000a6c1200000)]
=>0x000002578736a020 JavaThread "C2 CompilerThread1" daemon [_thread_in_native, id=22784, stack(0x000000a6c1200000,0x000000a6c1300000)]
  0x000002578801b8e0 JavaThread "Image Fetcher 0" daemon [_thread_in_vm, id=1148, stack(0x000000a6c1300000,0x000000a6c1400000)]

Other Threads:
  0x0000025786537470 VMThread "VM Thread" [stack: 0x000000a6c0200000,0x000000a6c0300000] [id=24272]
  0x00000257870b06c0 WatcherThread [stack: 0x000000a6c0d00000,0x000000a6c0e00000] [id=13284]
  0x00000257e85db0a0 GCTaskThread "GC Thread#0" [stack: 0x000000a6bfd00000,0x000000a6bfe00000] [id=9088]
  0x00000257e85ebbe0 ConcurrentGCThread "G1 Main Marker" [stack: 0x000000a6bfe00000,0x000000a6bff00000] [id=4720]
  0x00000257e85ecfd0 ConcurrentGCThread "G1 Conc#0" [stack: 0x000000a6bff00000,0x000000a6c0000000] [id=6028]
  0x00000257e8676f20 ConcurrentGCThread "G1 Refine#0" [stack: 0x000000a6c0000000,0x000000a6c0100000] [id=8888]
  0x00000257e8678850 ConcurrentGCThread "G1 Service" [stack: 0x000000a6c0100000,0x000000a6c0200000] [id=20048]

Threads with active compile tasks:
C1 CompilerThread0      357  740       3       java.util.StringTokenizer::skipDelimiters (116 bytes)
C2 CompilerThread1      357  665 %     4       sun.security.provider.SHA::implCompress0 @ 3 (482 bytes)

VM state: not at safepoint (normal execution)

VM Mutex/Monitor currently owned by a thread: None

OutOfMemory and StackOverflow Exception counts:
OutOfMemoryError java_heap_errors=2
LinkageErrors=6

Heap address: 0x0000000082c00000, size: 2004 MB, Compressed Oops mode: 32-bit

CDS archive(s) mapped at: [0x0000000800000000-0x0000000800bb0000-0x0000000800bb0000), size 12255232, SharedBaseAddress: 0x0000000800000000, ArchiveRelocationMode: 0.
Compressed class space mapped at: 0x0000000800c00000-0x0000000840c00000, reserved size: 1073741824
Narrow klass base: 0x0000000800000000, Narrow klass shift: 3, Narrow klass range: 0x100000000

GC Precious Log:
 CPUs: 8 total, 8 available
 Memory: 8014M
 Large Page Support: Disabled
 NUMA Support: Disabled
 Compressed Oops: Enabled (32-bit)
 Heap Region Size: 1M
 Heap Min Capacity: 8M
 Heap Initial Capacity: 126M
 Heap Max Capacity: 2004M
 Pre-touch: Disabled
 Parallel Workers: 8
 Concurrent Workers: 2
 Concurrent Refinement Workers: 8
 Periodic GC: Disabled

Heap:
 garbage-first heap   total 129024K, used 7168K [0x0000000082c00000, 0x0000000100000000)
  region size 1024K, 9 young (9216K), 0 survivors (0K)
 Metaspace       used 6723K, committed 6976K, reserved 1056768K
  class space    used 695K, committed 832K, reserved 1048576K

Heap Regions: E=young(eden), S=young(survivor), O=old, HS=humongous(starts), HC=humongous(continues), CS=collection set, F=free, OA=open archive, CA=closed archive, TAMS=top-at-mark-start (previous, next)
|   0|0x0000000082c00000, 0x0000000082c00000, 0x0000000082d00000|  0%| F|  |TAMS 0x0000000082c00000, 0x0000000082c00000| Untracked 
|   1|0x0000000082d00000, 0x0000000082d00000, 0x0000000082e00000|  0%| F|  |TAMS 0x0000000082d00000, 0x0000000082d00000| Untracked 
|   2|0x0000000082e00000, 0x0000000082e00000, 0x0000000082f00000|  0%| F|  |TAMS 0x0000000082e00000, 0x0000000082e00000| Untracked 
|   3|0x0000000082f00000, 0x0000000082f00000, 0x0000000083000000|  0%| F|  |TAMS 0x0000000082f00000, 0x0000000082f00000| Untracked 
|   4|0x0000000083000000, 0x0000000083000000, 0x0000000083100000|  0%| F|  |TAMS 0x0000000083000000, 0x0000000083000000| Untracked 
|   5|0x0000000083100000, 0x0000000083100000, 0x0000000083200000|  0%| F|  |TAMS 0x0000000083100000, 0x0000000083100000| Untracked 
|   6|0x0000000083200000, 0x0000000083200000, 0x0000000083300000|  0%| F|  |TAMS 0x0000000083200000, 0x0000000083200000| Untracked 
|   7|0x0000000083300000, 0x0000000083300000, 0x0000000083400000|  0%| F|  |TAMS 0x0000000083300000, 0x0000000083300000| Untracked 
|   8|0x0000000083400000, 0x0000000083400000, 0x0000000083500000|  0%| F|  |TAMS 0x0000000083400000, 0x0000000083400000| Untracked 
|   9|0x0000000083500000, 0x0000000083500000, 0x0000000083600000|  0%| F|  |TAMS 0x0000000083500000, 0x0000000083500000| Untracked 
|  10|0x0000000083600000, 0x0000000083600000, 0x0000000083700000|  0%| F|  |TAMS 0x0000000083600000, 0x0000000083600000| Untracked 
|  11|0x0000000083700000, 0x0000000083700000, 0x0000000083800000|  0%| F|  |TAMS 0x0000000083700000, 0x0000000083700000| Untracked 
|  12|0x0000000083800000, 0x0000000083800000, 0x0000000083900000|  0%| F|  |TAMS 0x0000000083800000, 0x0000000083800000| Untracked 
|  13|0x0000000083900000, 0x0000000083900000, 0x0000000083a00000|  0%| F|  |TAMS 0x0000000083900000, 0x0000000083900000| Untracked 
|  14|0x0000000083a00000, 0x0000000083a00000, 0x0000000083b00000|  0%| F|  |TAMS 0x0000000083a00000, 0x0000000083a00000| Untracked 
|  15|0x0000000083b00000, 0x0000000083b00000, 0x0000000083c00000|  0%| F|  |TAMS 0x0000000083b00000, 0x0000000083b00000| Untracked 
|  16|0x0000000083c00000, 0x0000000083c00000, 0x0000000083d00000|  0%| F|  |TAMS 0x0000000083c00000, 0x0000000083c00000| Untracked 
|  17|0x0000000083d00000, 0x0000000083d00000, 0x0000000083e00000|  0%| F|  |TAMS 0x0000000083d00000, 0x0000000083d00000| Untracked 
|  18|0x0000000083e00000, 0x0000000083e00000, 0x0000000083f00000|  0%| F|  |TAMS 0x0000000083e00000, 0x0000000083e00000| Untracked 
|  19|0x0000000083f00000, 0x0000000083f00000, 0x0000000084000000|  0%| F|  |TAMS 0x0000000083f00000, 0x0000000083f00000| Untracked 
|  20|0x0000000084000000, 0x0000000084000000, 0x0000000084100000|  0%| F|  |TAMS 0x0000000084000000, 0x0000000084000000| Untracked 
|  21|0x0000000084100000, 0x0000000084100000, 0x0000000084200000|  0%| F|  |TAMS 0x0000000084100000, 0x0000000084100000| Untracked 
|  22|0x0000000084200000, 0x0000000084200000, 0x0000000084300000|  0%| F|  |TAMS 0x0000000084200000, 0x0000000084200000| Untracked 
|  23|0x0000000084300000, 0x0000000084300000, 0x0000000084400000|  0%| F|  |TAMS 0x0000000084300000, 0x0000000084300000| Untracked 
|  24|0x0000000084400000, 0x0000000084400000, 0x0000000084500000|  0%| F|  |TAMS 0x0000000084400000, 0x0000000084400000| Untracked 
|  25|0x0000000084500000, 0x0000000084500000, 0x0000000084600000|  0%| F|  |TAMS 0x0000000084500000, 0x0000000084500000| Untracked 
|  26|0x0000000084600000, 0x0000000084600000, 0x0000000084700000|  0%| F|  |TAMS 0x0000000084600000, 0x0000000084600000| Untracked 
|  27|0x0000000084700000, 0x0000000084700000, 0x0000000084800000|  0%| F|  |TAMS 0x0000000084700000, 0x0000000084700000| Untracked 
|  28|0x0000000084800000, 0x0000000084800000, 0x0000000084900000|  0%| F|  |TAMS 0x0000000084800000, 0x0000000084800000| Untracked 
|  29|0x0000000084900000, 0x0000000084900000, 0x0000000084a00000|  0%| F|  |TAMS 0x0000000084900000, 0x0000000084900000| Untracked 
|  30|0x0000000084a00000, 0x0000000084a00000, 0x0000000084b00000|  0%| F|  |TAMS 0x0000000084a00000, 0x0000000084a00000| Untracked 
|  31|0x0000000084b00000, 0x0000000084b00000, 0x0000000084c00000|  0%| F|  |TAMS 0x0000000084b00000, 0x0000000084b00000| Untracked 
|  32|0x0000000084c00000, 0x0000000084c00000, 0x0000000084d00000|  0%| F|  |TAMS 0x0000000084c00000, 0x0000000084c00000| Untracked 
|  33|0x0000000084d00000, 0x0000000084d00000, 0x0000000084e00000|  0%| F|  |TAMS 0x0000000084d00000, 0x0000000084d00000| Untracked 
|  34|0x0000000084e00000, 0x0000000084e00000, 0x0000000084f00000|  0%| F|  |TAMS 0x0000000084e00000, 0x0000000084e00000| Untracked 
|  35|0x0000000084f00000, 0x0000000084f00000, 0x0000000085000000|  0%| F|  |TAMS 0x0000000084f00000, 0x0000000084f00000| Untracked 
|  36|0x0000000085000000, 0x0000000085000000, 0x0000000085100000|  0%| F|  |TAMS 0x0000000085000000, 0x0000000085000000| Untracked 
|  37|0x0000000085100000, 0x0000000085100000, 0x0000000085200000|  0%| F|  |TAMS 0x0000000085100000, 0x0000000085100000| Untracked 
|  38|0x0000000085200000, 0x0000000085200000, 0x0000000085300000|  0%| F|  |TAMS 0x0000000085200000, 0x0000000085200000| Untracked 
|  39|0x0000000085300000, 0x0000000085300000, 0x0000000085400000|  0%| F|  |TAMS 0x0000000085300000, 0x0000000085300000| Untracked 
|  40|0x0000000085400000, 0x0000000085400000, 0x0000000085500000|  0%| F|  |TAMS 0x0000000085400000, 0x0000000085400000| Untracked 
|  41|0x0000000085500000, 0x0000000085500000, 0x0000000085600000|  0%| F|  |TAMS 0x0000000085500000, 0x0000000085500000| Untracked 
|  42|0x0000000085600000, 0x0000000085600000, 0x0000000085700000|  0%| F|  |TAMS 0x0000000085600000, 0x0000000085600000| Untracked 
|  43|0x0000000085700000, 0x0000000085700000, 0x0000000085800000|  0%| F|  |TAMS 0x0000000085700000, 0x0000000085700000| Untracked 
|  44|0x0000000085800000, 0x0000000085800000, 0x0000000085900000|  0%| F|  |TAMS 0x0000000085800000, 0x0000000085800000| Untracked 
|  45|0x0000000085900000, 0x0000000085900000, 0x0000000085a00000|  0%| F|  |TAMS 0x0000000085900000, 0x0000000085900000| Untracked 
|  46|0x0000000085a00000, 0x0000000085a00000, 0x0000000085b00000|  0%| F|  |TAMS 0x0000000085a00000, 0x0000000085a00000| Untracked 
|  47|0x0000000085b00000, 0x0000000085b00000, 0x0000000085c00000|  0%| F|  |TAMS 0x0000000085b00000, 0x0000000085b00000| Untracked 
|  48|0x0000000085c00000, 0x0000000085c00000, 0x0000000085d00000|  0%| F|  |TAMS 0x0000000085c00000, 0x0000000085c00000| Untracked 
|  49|0x0000000085d00000, 0x0000000085d00000, 0x0000000085e00000|  0%| F|  |TAMS 0x0000000085d00000, 0x0000000085d00000| Untracked 
|  50|0x0000000085e00000, 0x0000000085e00000, 0x0000000085f00000|  0%| F|  |TAMS 0x0000000085e00000, 0x0000000085e00000| Untracked 
|  51|0x0000000085f00000, 0x0000000085f00000, 0x0000000086000000|  0%| F|  |TAMS 0x0000000085f00000, 0x0000000085f00000| Untracked 
|  52|0x0000000086000000, 0x0000000086000000, 0x0000000086100000|  0%| F|  |TAMS 0x0000000086000000, 0x0000000086000000| Untracked 
|  53|0x0000000086100000, 0x0000000086100000, 0x0000000086200000|  0%| F|  |TAMS 0x0000000086100000, 0x0000000086100000| Untracked 
|  54|0x0000000086200000, 0x0000000086200000, 0x0000000086300000|  0%| F|  |TAMS 0x0000000086200000, 0x0000000086200000| Untracked 
|  55|0x0000000086300000, 0x0000000086300000, 0x0000000086400000|  0%| F|  |TAMS 0x0000000086300000, 0x0000000086300000| Untracked 
|  56|0x0000000086400000, 0x0000000086400000, 0x0000000086500000|  0%| F|  |TAMS 0x0000000086400000, 0x0000000086400000| Untracked 
|  57|0x0000000086500000, 0x0000000086500000, 0x0000000086600000|  0%| F|  |TAMS 0x0000000086500000, 0x0000000086500000| Untracked 
|  58|0x0000000086600000, 0x0000000086600000, 0x0000000086700000|  0%| F|  |TAMS 0x0000000086600000, 0x0000000086600000| Untracked 
|  59|0x0000000086700000, 0x0000000086700000, 0x0000000086800000|  0%| F|  |TAMS 0x0000000086700000, 0x0000000086700000| Untracked 
|  60|0x0000000086800000, 0x0000000086800000, 0x0000000086900000|  0%| F|  |TAMS 0x0000000086800000, 0x0000000086800000| Untracked 
|  61|0x0000000086900000, 0x0000000086900000, 0x0000000086a00000|  0%| F|  |TAMS 0x0000000086900000, 0x0000000086900000| Untracked 
|  62|0x0000000086a00000, 0x0000000086a00000, 0x0000000086b00000|  0%| F|  |TAMS 0x0000000086a00000, 0x0000000086a00000| Untracked 
|  63|0x0000000086b00000, 0x0000000086b00000, 0x0000000086c00000|  0%| F|  |TAMS 0x0000000086b00000, 0x0000000086b00000| Untracked 
|  64|0x0000000086c00000, 0x0000000086c00000, 0x0000000086d00000|  0%| F|  |TAMS 0x0000000086c00000, 0x0000000086c00000| Untracked 
|  65|0x0000000086d00000, 0x0000000086d00000, 0x0000000086e00000|  0%| F|  |TAMS 0x0000000086d00000, 0x0000000086d00000| Untracked 
|  66|0x0000000086e00000, 0x0000000086e00000, 0x0000000086f00000|  0%| F|  |TAMS 0x0000000086e00000, 0x0000000086e00000| Untracked 
|  67|0x0000000086f00000, 0x0000000086f00000, 0x0000000087000000|  0%| F|  |TAMS 0x0000000086f00000, 0x0000000086f00000| Untracked 
|  68|0x0000000087000000, 0x0000000087000000, 0x0000000087100000|  0%| F|  |TAMS 0x0000000087000000, 0x0000000087000000| Untracked 
|  69|0x0000000087100000, 0x0000000087100000, 0x0000000087200000|  0%| F|  |TAMS 0x0000000087100000, 0x0000000087100000| Untracked 
|  70|0x0000000087200000, 0x0000000087200000, 0x0000000087300000|  0%| F|  |TAMS 0x0000000087200000, 0x0000000087200000| Untracked 
|  71|0x0000000087300000, 0x0000000087300000, 0x0000000087400000|  0%| F|  |TAMS 0x0000000087300000, 0x0000000087300000| Untracked 
|  72|0x0000000087400000, 0x0000000087400000, 0x0000000087500000|  0%| F|  |TAMS 0x0000000087400000, 0x0000000087400000| Untracked 
|  73|0x0000000087500000, 0x0000000087500000, 0x0000000087600000|  0%| F|  |TAMS 0x0000000087500000, 0x0000000087500000| Untracked 
|  74|0x0000000087600000, 0x0000000087600000, 0x0000000087700000|  0%| F|  |TAMS 0x0000000087600000, 0x0000000087600000| Untracked 
|  75|0x0000000087700000, 0x0000000087700000, 0x0000000087800000|  0%| F|  |TAMS 0x0000000087700000, 0x0000000087700000| Untracked 
|  76|0x0000000087800000, 0x0000000087800000, 0x0000000087900000|  0%| F|  |TAMS 0x0000000087800000, 0x0000000087800000| Untracked 
|  77|0x0000000087900000, 0x0000000087900000, 0x0000000087a00000|  0%| F|  |TAMS 0x0000000087900000, 0x0000000087900000| Untracked 
|  78|0x0000000087a00000, 0x0000000087a00000, 0x0000000087b00000|  0%| F|  |TAMS 0x0000000087a00000, 0x0000000087a00000| Untracked 
|  79|0x0000000087b00000, 0x0000000087b00000, 0x0000000087c00000|  0%| F|  |TAMS 0x0000000087b00000, 0x0000000087b00000| Untracked 
|  80|0x0000000087c00000, 0x0000000087c00000, 0x0000000087d00000|  0%| F|  |TAMS 0x0000000087c00000, 0x0000000087c00000| Untracked 
|  81|0x0000000087d00000, 0x0000000087d00000, 0x0000000087e00000|  0%| F|  |TAMS 0x0000000087d00000, 0x0000000087d00000| Untracked 
|  82|0x0000000087e00000, 0x0000000087e00000, 0x0000000087f00000|  0%| F|  |TAMS 0x0000000087e00000, 0x0000000087e00000| Untracked 
|  83|0x0000000087f00000, 0x0000000087f00000, 0x0000000088000000|  0%| F|  |TAMS 0x0000000087f00000, 0x0000000087f00000| Untracked 
|  84|0x0000000088000000, 0x0000000088000000, 0x0000000088100000|  0%| F|  |TAMS 0x0000000088000000, 0x0000000088000000| Untracked 
|  85|0x0000000088100000, 0x0000000088100000, 0x0000000088200000|  0%| F|  |TAMS 0x0000000088100000, 0x0000000088100000| Untracked 
|  86|0x0000000088200000, 0x0000000088200000, 0x0000000088300000|  0%| F|  |TAMS 0x0000000088200000, 0x0000000088200000| Untracked 
|  87|0x0000000088300000, 0x0000000088300000, 0x0000000088400000|  0%| F|  |TAMS 0x0000000088300000, 0x0000000088300000| Untracked 
|  88|0x0000000088400000, 0x0000000088400000, 0x0000000088500000|  0%| F|  |TAMS 0x0000000088400000, 0x0000000088400000| Untracked 
|  89|0x0000000088500000, 0x0000000088500000, 0x0000000088600000|  0%| F|  |TAMS 0x0000000088500000, 0x0000000088500000| Untracked 
|  90|0x0000000088600000, 0x0000000088600000, 0x0000000088700000|  0%| F|  |TAMS 0x0000000088600000, 0x0000000088600000| Untracked 
|  91|0x0000000088700000, 0x0000000088700000, 0x0000000088800000|  0%| F|  |TAMS 0x0000000088700000, 0x0000000088700000| Untracked 
|  92|0x0000000088800000, 0x0000000088800000, 0x0000000088900000|  0%| F|  |TAMS 0x0000000088800000, 0x0000000088800000| Untracked 
|  93|0x0000000088900000, 0x0000000088900000, 0x0000000088a00000|  0%| F|  |TAMS 0x0000000088900000, 0x0000000088900000| Untracked 
|  94|0x0000000088a00000, 0x0000000088a00000, 0x0000000088b00000|  0%| F|  |TAMS 0x0000000088a00000, 0x0000000088a00000| Untracked 
|  95|0x0000000088b00000, 0x0000000088b00000, 0x0000000088c00000|  0%| F|  |TAMS 0x0000000088b00000, 0x0000000088b00000| Untracked 
|  96|0x0000000088c00000, 0x0000000088c00000, 0x0000000088d00000|  0%| F|  |TAMS 0x0000000088c00000, 0x0000000088c00000| Untracked 
|  97|0x0000000088d00000, 0x0000000088d00000, 0x0000000088e00000|  0%| F|  |TAMS 0x0000000088d00000, 0x0000000088d00000| Untracked 
|  98|0x0000000088e00000, 0x0000000088e00000, 0x0000000088f00000|  0%| F|  |TAMS 0x0000000088e00000, 0x0000000088e00000| Untracked 
|  99|0x0000000088f00000, 0x0000000088f00000, 0x0000000089000000|  0%| F|  |TAMS 0x0000000088f00000, 0x0000000088f00000| Untracked 
| 100|0x0000000089000000, 0x0000000089000000, 0x0000000089100000|  0%| F|  |TAMS 0x0000000089000000, 0x0000000089000000| Untracked 
| 101|0x0000000089100000, 0x0000000089100000, 0x0000000089200000|  0%| F|  |TAMS 0x0000000089100000, 0x0000000089100000| Untracked 
| 102|0x0000000089200000, 0x0000000089200000, 0x0000000089300000|  0%| F|  |TAMS 0x0000000089200000, 0x0000000089200000| Untracked 
| 103|0x0000000089300000, 0x0000000089300000, 0x0000000089400000|  0%| F|  |TAMS 0x0000000089300000, 0x0000000089300000| Untracked 
| 104|0x0000000089400000, 0x0000000089400000, 0x0000000089500000|  0%| F|  |TAMS 0x0000000089400000, 0x0000000089400000| Untracked 
| 105|0x0000000089500000, 0x0000000089500000, 0x0000000089600000|  0%| F|  |TAMS 0x0000000089500000, 0x0000000089500000| Untracked 
| 106|0x0000000089600000, 0x0000000089600000, 0x0000000089700000|  0%| F|  |TAMS 0x0000000089600000, 0x0000000089600000| Untracked 
| 107|0x0000000089700000, 0x0000000089700000, 0x0000000089800000|  0%| F|  |TAMS 0x0000000089700000, 0x0000000089700000| Untracked 
| 108|0x0000000089800000, 0x0000000089800000, 0x0000000089900000|  0%| F|  |TAMS 0x0000000089800000, 0x0000000089800000| Untracked 
| 109|0x0000000089900000, 0x0000000089900000, 0x0000000089a00000|  0%| F|  |TAMS 0x0000000089900000, 0x0000000089900000| Untracked 
| 110|0x0000000089a00000, 0x0000000089a00000, 0x0000000089b00000|  0%| F|  |TAMS 0x0000000089a00000, 0x0000000089a00000| Untracked 
| 111|0x0000000089b00000, 0x0000000089b00000, 0x0000000089c00000|  0%| F|  |TAMS 0x0000000089b00000, 0x0000000089b00000| Untracked 
| 112|0x0000000089c00000, 0x0000000089c00000, 0x0000000089d00000|  0%| F|  |TAMS 0x0000000089c00000, 0x0000000089c00000| Untracked 
| 113|0x0000000089d00000, 0x0000000089d00000, 0x0000000089e00000|  0%| F|  |TAMS 0x0000000089d00000, 0x0000000089d00000| Untracked 
| 114|0x0000000089e00000, 0x0000000089e00000, 0x0000000089f00000|  0%| F|  |TAMS 0x0000000089e00000, 0x0000000089e00000| Untracked 
| 115|0x0000000089f00000, 0x0000000089f00000, 0x000000008a000000|  0%| F|  |TAMS 0x0000000089f00000, 0x0000000089f00000| Untracked 
| 116|0x000000008a000000, 0x000000008a000000, 0x000000008a100000|  0%| F|  |TAMS 0x000000008a000000, 0x000000008a000000| Untracked 
| 117|0x000000008a100000, 0x000000008a176450, 0x000000008a200000| 46%| E|  |TAMS 0x000000008a100000, 0x000000008a100000| Complete 
| 118|0x000000008a200000, 0x000000008a300000, 0x000000008a300000|100%| E|CS|TAMS 0x000000008a200000, 0x000000008a200000| Complete 
| 119|0x000000008a300000, 0x000000008a400000, 0x000000008a400000|100%| E|  |TAMS 0x000000008a300000, 0x000000008a300000| Complete 
| 120|0x000000008a400000, 0x000000008a500000, 0x000000008a500000|100%| E|CS|TAMS 0x000000008a400000, 0x000000008a400000| Complete 
| 121|0x000000008a500000, 0x000000008a600000, 0x000000008a600000|100%| E|CS|TAMS 0x000000008a500000, 0x000000008a500000| Complete 
| 122|0x000000008a600000, 0x000000008a700000, 0x000000008a700000|100%| E|CS|TAMS 0x000000008a600000, 0x000000008a600000| Complete 
| 123|0x000000008a700000, 0x000000008a800000, 0x000000008a800000|100%| E|CS|TAMS 0x000000008a700000, 0x000000008a700000| Complete 
| 124|0x000000008a800000, 0x000000008a900000, 0x000000008a900000|100%| E|CS|TAMS 0x000000008a800000, 0x000000008a800000| Complete 
| 125|0x000000008a900000, 0x000000008aa00000, 0x000000008aa00000|100%| E|CS|TAMS 0x000000008a900000, 0x000000008a900000| Complete 

Card table byte_map: [0x00000257ff440000,0x00000257ff830000] _byte_map_base: 0x00000257ff02a000

Marking Bits (Prev, Next): (CMBitMap*) 0x00000257e85db710, (CMBitMap*) 0x00000257e85db750
 Prev Bits: [0x0000025780000000, 0x0000025781f50000)
 Next Bits: [0x0000025781f50000, 0x0000025783ea0000)

Polling page: 0x00000257e7d80000

Metaspace:

Usage:
  Non-class:      5.90 MB used.
      Class:    695.55 KB used.
       Both:      6.58 MB used.

Virtual space:
  Non-class space:        8.00 MB reserved,       6.00 MB ( 75%) committed,  1 nodes.
      Class space:        1.00 GB reserved,     832.00 KB ( <1%) committed,  1 nodes.
              Both:        1.01 GB reserved,       6.81 MB ( <1%) committed. 

Chunk freelists:
   Non-Class:  2.04 MB
       Class:  3.24 MB
        Both:  5.28 MB

MaxMetaspaceSize: 17179869184.00 GB
CompressedClassSpaceSize: 1.00 GB
 - commit_granule_bytes: 65536.
 - commit_granule_words: 8192.
 - virtual_space_node_default_size: 1048576.
 - enlarge_chunks_in_place: 1.
 - new_chunks_are_fully_committed: 0.
 - uncommit_free_chunks: 1.
 - use_allocation_guard: 0.
 - handle_deallocations: 1.


Internal statistics:

num_allocs_failed_limit: 0.
num_arena_births: 104.
num_arena_deaths: 0.
num_vsnodes_births: 2.
num_vsnodes_deaths: 0.
num_space_committed: 109.
num_space_uncommitted: 0.
num_chunks_returned_to_freelist: 0.
num_chunks_taken_from_freelist: 136.
num_chunk_merges: 0.
num_chunk_splits: 86.
num_chunks_enlarged: 46.
num_purges: 0.

CodeHeap 'non-profiled nmethods': size=120000Kb used=207Kb max_used=207Kb free=119792Kb
 bounds [0x00000257f77f0000, 0x00000257f7a60000, 0x00000257fed20000]
CodeHeap 'profiled nmethods': size=120000Kb used=1176Kb max_used=1176Kb free=118823Kb
 bounds [0x00000257f02c0000, 0x00000257f0530000, 0x00000257f77f0000]
CodeHeap 'non-nmethods': size=5760Kb used=1216Kb max_used=1230Kb free=4543Kb
 bounds [0x00000257efd20000, 0x00000257eff90000, 0x00000257f02c0000]
 total_blobs=1268 nmethods=749 adapters=432
 compilation: enabled
              stopped_count=0, restarted_count=0
 full_count=0

Compilation events (20 events):
Event: 0.330 Thread 0x0000025786564150 nmethod 707 0x00000257f03cfd10 code [0x00000257f03cfec0, 0x00000257f03d0028]
Event: 0.330 Thread 0x0000025786564150  708       3       java.lang.StringConcatHelper::stringOf (20 bytes)
Event: 0.330 Thread 0x0000025786564150 nmethod 708 0x00000257f03d0110 code [0x00000257f03d02c0, 0x00000257f03d0508]
Event: 0.331 Thread 0x0000025786561740 nmethod 690% 0x00000257f781fa10 code [0x00000257f781fba0, 0x00000257f781fef8]
Event: 0.331 Thread 0x0000025786561740  695       4       java.math.BigInteger::mulAdd (19 bytes)
Event: 0.332 Thread 0x0000025786561740 nmethod 695 0x00000257f7820110 code [0x00000257f78202a0, 0x00000257f7820418]
Event: 0.332 Thread 0x0000025786561740  696       4       java.math.BigInteger::implMulAddCheck (176 bytes)
Event: 0.333 Thread 0x0000025786561740 nmethod 696 0x00000257f7820610 code [0x00000257f78207a0, 0x00000257f78208b8]
Event: 0.333 Thread 0x0000025786561740  699       4       java.math.BigInteger::addOne (77 bytes)
Event: 0.333 Thread 0x0000025786564150  709       3       jdk.internal.reflect.ClassFileAssembler::emitByte (11 bytes)
Event: 0.333 Thread 0x0000025786564150 nmethod 709 0x00000257f03d0610 code [0x00000257f03d07c0, 0x00000257f03d0968]
Event: 0.333 Thread 0x0000025786564150  710       3       jdk.internal.reflect.ByteVectorImpl::add (38 bytes)
Event: 0.333 Thread 0x0000025786564150 nmethod 710 0x00000257f03d0a90 code [0x00000257f03d0c40, 0x00000257f03d0e08]
Event: 0.333 Thread 0x0000025786561740 nmethod 699 0x00000257f7820a10 code [0x00000257f7820ba0, 0x00000257f7820cf8]
Event: 0.334 Thread 0x0000025786561740  703       4       java.lang.String::isLatin1 (19 bytes)
Event: 0.334 Thread 0x0000025786561740 nmethod 703 0x00000257f7820e90 code [0x00000257f7821000, 0x00000257f7821098]
Event: 0.334 Thread 0x0000025786564150  711       3       java.lang.StringLatin1::indexOf (121 bytes)
Event: 0.334 Thread 0x0000025786564150 nmethod 711 0x00000257f03d0f10 code [0x00000257f03d10e0, 0x00000257f03d15d8]
Event: 0.335 Thread 0x0000025786564150  712       1       java.util.zip.Inflater$InflaterZStreamRef::address (5 bytes)
Event: 0.335 Thread 0x0000025786564150 nmethod 712 0x00000257f7821190 code [0x00000257f7821320, 0x00000257f78213f8]

GC Heap History (0 events):
No events

Deoptimization events (2 events):
Event: 0.312 Thread 0x00000257e859ac40 DEOPT PACKING pc=0x00000257f037ef68 sp=0x000000a6bfcfde30
Event: 0.312 Thread 0x00000257e859ac40 DEOPT UNPACKING pc=0x00000257efd6dece sp=0x000000a6bfcfd290 mode 0

Classes unloaded (0 events):
No events

Classes redefined (0 events):
No events

Internal exceptions (11 events):
Event: 0.074 Thread 0x00000257e859ac40 Exception <a 'java/lang/NoSuchMethodError'{0x000000008a8325c8}: 'void java.lang.invoke.DirectMethodHandle$Holder.invokeSpecial(java.lang.Object, java.lang.Object, java.lang.Object)'> (0x000000008a8325c8) 
thrown [t:\workspace\open\src\hotspot\share\interpreter\linkResolver.cpp, line 790]
Event: 0.095 Thread 0x00000257e859ac40 Exception <a 'java/lang/ClassNotFoundException'{0x000000008a874778}: sun/awt/resources/spi/awtProvider> (0x000000008a874778) 
thrown [t:\workspace\open\src\hotspot\share\classfile\systemDictionary.cpp, line 256]
Event: 0.119 Thread 0x00000257e859ac40 Exception <a 'java/io/FileNotFoundException'{0x000000008a8ce5f8}> (0x000000008a8ce5f8) 
thrown [t:\workspace\open\src\hotspot\share\prims\jni.cpp, line 579]
Event: 0.126 Thread 0x00000257e859ac40 Exception <a 'java/io/FileNotFoundException'{0x000000008a8fd640}> (0x000000008a8fd640) 
thrown [t:\workspace\open\src\hotspot\share\prims\jni.cpp, line 579]
Event: 0.126 Thread 0x00000257e859ac40 Exception <a 'java/lang/NoSuchMethodError'{0x000000008a8fe838}: 'java.lang.Object java.lang.invoke.DirectMethodHandle$Holder.invokeStatic(java.lang.Object)'> (0x000000008a8fe838) 
thrown [t:\workspace\open\src\hotspot\share\interpreter\linkResolver.cpp, line 790]
Event: 0.163 Thread 0x00000257e859ac40 Exception <a 'java/lang/NoSuchMethodError'{0x000000008a754438}: 'java.lang.Object java.lang.invoke.DirectMethodHandle$Holder.invokeStaticInit(java.lang.Object)'> (0x000000008a754438) 
thrown [t:\workspace\open\src\hotspot\share\interpreter\linkResolver.cpp, line 790]
Event: 0.201 Thread 0x00000257e859ac40 Exception <a 'java/lang/NoSuchMethodError'{0x000000008a63b8a0}: 'java.lang.Object java.lang.invoke.DirectMethodHandle$Holder.newInvokeSpecial(java.lang.Object, java.lang.Object, java.lang.Object, java.lang.Object, java.lang.Object)'> (0x000000008a63b8a0) 
thrown [t:\workspace\open\src\hotspot\share\interpreter\linkResolver.cpp, line 790]
Event: 0.202 Thread 0x00000257e859ac40 Exception <a 'java/lang/NoSuchMethodError'{0x000000008a647388}: 'java.lang.Object java.lang.invoke.DirectMethodHandle$Holder.invokeStatic(java.lang.Object, int, java.lang.Object, java.lang.Object, java.lang.Object, java.lang.Object)'> (0x000000008a647388) 
thrown [t:\workspace\open\src\hotspot\share\interpreter\linkResolver.cpp, line 790]
Event: 0.207 Thread 0x00000257e859ac40 Exception <a 'java/lang/NoSuchMethodError'{0x000000008a66d450}: 'java.lang.Object java.lang.invoke.DirectMethodHandle$Holder.invokeStatic(java.lang.Object, int, java.lang.Object)'> (0x000000008a66d450) 
thrown [t:\workspace\open\src\hotspot\share\interpreter\linkResolver.cpp, line 790]
Event: 0.229 Thread 0x00000257e859ac40 Exception <a 'java/lang/ClassNotFoundException'{0x000000008a525e70}: com/sun/swing/internal/plaf/metal/resources/spi/metalProvider> (0x000000008a525e70) 
thrown [t:\workspace\open\src\hotspot\share\classfile\systemDictionary.cpp, line 256]
Event: 0.231 Thread 0x00000257e859ac40 Exception <a 'java/lang/ClassNotFoundException'{0x000000008a529f90}: com/sun/swing/internal/plaf/basic/resources/spi/basicProvider> (0x000000008a529f90) 
thrown [t:\workspace\open\src\hotspot\share\classfile\systemDictionary.cpp, line 256]

Events (20 events):
Event: 0.333 loading class jdk/internal/reflect/ByteVectorImpl
Event: 0.333 loading class jdk/internal/reflect/ByteVector
Event: 0.333 loading class jdk/internal/reflect/ByteVector done
Event: 0.333 loading class jdk/internal/reflect/ByteVectorImpl done
Event: 0.333 loading class jdk/internal/reflect/ClassFileAssembler
Event: 0.333 loading class jdk/internal/reflect/ClassFileAssembler done
Event: 0.333 loading class jdk/internal/reflect/UTF8
Event: 0.333 loading class jdk/internal/reflect/UTF8 done
Event: 0.333 loading class jdk/internal/reflect/Label
Event: 0.333 loading class jdk/internal/reflect/Label done
Event: 0.333 loading class jdk/internal/reflect/Label$PatchInfo
Event: 0.333 loading class jdk/internal/reflect/Label$PatchInfo done
Event: 0.333 loading class jdk/internal/reflect/MethodAccessorGenerator$1
Event: 0.333 loading class jdk/internal/reflect/MethodAccessorGenerator$1 done
Event: 0.333 loading class jdk/internal/reflect/ClassDefiner
Event: 0.333 loading class jdk/internal/reflect/ClassDefiner done
Event: 0.334 loading class jdk/internal/reflect/ClassDefiner$1
Event: 0.334 loading class jdk/internal/reflect/ClassDefiner$1 done
Event: 0.334 loading class jdk/internal/reflect/BootstrapConstructorAccessorImpl
Event: 0.334 loading class jdk/internal/reflect/BootstrapConstructorAccessorImpl done


Dynamic libraries:
0x00007ff7c9150000 - 0x00007ff7c9160000 	C:\Program Files\Java\jdk-16.0.2\bin\javaw.exe
0x00007fffb9380000 - 0x00007fffb9589000 	C:\WINDOWS\SYSTEM32\ntdll.dll
0x00007fffb8580000 - 0x00007fffb863d000 	C:\WINDOWS\System32\KERNEL32.DLL
0x00007fffb6c10000 - 0x00007fffb6f8b000 	C:\WINDOWS\System32\KERNELBASE.dll
0x00007fffb6f90000 - 0x00007fffb70a1000 	C:\WINDOWS\System32\ucrtbase.dll
0x00007fff9eaf0000 - 0x00007fff9eb08000 	C:\Program Files\Java\jdk-16.0.2\bin\jli.dll
0x00007fff9ead0000 - 0x00007fff9eae9000 	C:\Program Files\Java\jdk-16.0.2\bin\VCRUNTIME140.dll
0x00007fffb83e0000 - 0x00007fffb848e000 	C:\WINDOWS\System32\ADVAPI32.dll
0x00007fffb8330000 - 0x00007fffb83d3000 	C:\WINDOWS\System32\msvcrt.dll
0x00007fffb8b20000 - 0x00007fffb8bbe000 	C:\WINDOWS\System32\sechost.dll
0x00007fffb7d00000 - 0x00007fffb7e20000 	C:\WINDOWS\System32\RPCRT4.dll
0x00007fffb8940000 - 0x00007fffb8aed000 	C:\WINDOWS\System32\USER32.dll
0x00007fffb70b0000 - 0x00007fffb70d6000 	C:\WINDOWS\System32\win32u.dll
0x00007fff9c2a0000 - 0x00007fff9c545000 	C:\WINDOWS\WinSxS\amd64_microsoft.windows.common-controls_6595b64144ccf1df_6.0.22000.120_none_9d947278b86cc467\COMCTL32.dll
0x00007fffb8af0000 - 0x00007fffb8b19000 	C:\WINDOWS\System32\GDI32.dll
0x00007fffb70e0000 - 0x00007fffb71f8000 	C:\WINDOWS\System32\gdi32full.dll
0x00007fffb6b70000 - 0x00007fffb6c0d000 	C:\WINDOWS\System32\msvcp_win.dll
0x00007fffab480000 - 0x00007fffab48a000 	C:\WINDOWS\SYSTEM32\VERSION.dll
0x00007fffb8c30000 - 0x00007fffb8c61000 	C:\WINDOWS\System32\IMM32.DLL
0x00007fff9eac0000 - 0x00007fff9eacc000 	C:\Program Files\Java\jdk-16.0.2\bin\vcruntime140_1.dll
0x00007fff9ea20000 - 0x00007fff9eab1000 	C:\Program Files\Java\jdk-16.0.2\bin\msvcp140.dll
0x00007fff51b60000 - 0x00007fff5270b000 	C:\Program Files\Java\jdk-16.0.2\bin\server\jvm.dll
0x00007fffb8320000 - 0x00007fffb8328000 	C:\WINDOWS\System32\PSAPI.DLL
0x00007fff9e8f0000 - 0x00007fff9e8f9000 	C:\WINDOWS\SYSTEM32\WSOCK32.dll
0x00007fffaded0000 - 0x00007fffadf03000 	C:\WINDOWS\SYSTEM32\WINMM.dll
0x00007fffb88d0000 - 0x00007fffb893f000 	C:\WINDOWS\System32\WS2_32.dll
0x00007fffb5890000 - 0x00007fffb58a8000 	C:\WINDOWS\SYSTEM32\kernel.appcore.dll
0x00007fff9e8e0000 - 0x00007fff9e8ea000 	C:\Program Files\Java\jdk-16.0.2\bin\jimage.dll
0x00007fffb4510000 - 0x00007fffb4731000 	C:\WINDOWS\SYSTEM32\DBGHELP.DLL
0x00007fff97a60000 - 0x00007fff97a91000 	C:\WINDOWS\SYSTEM32\dbgcore.DLL
0x00007fffb6a30000 - 0x00007fffb6aaf000 	C:\WINDOWS\System32\bcryptPrimitives.dll
0x00007fff9e8b0000 - 0x00007fff9e8d5000 	C:\Program Files\Java\jdk-16.0.2\bin\java.dll
0x00007fffb7540000 - 0x00007fffb7cf8000 	C:\WINDOWS\System32\SHELL32.dll
0x00007fffb4900000 - 0x00007fffb5165000 	C:\WINDOWS\SYSTEM32\windows.storage.dll
0x00007fffb8d90000 - 0x00007fffb9107000 	C:\WINDOWS\System32\combase.dll
0x00007fffb4790000 - 0x00007fffb48f6000 	C:\WINDOWS\SYSTEM32\wintypes.dll
0x00007fffb8490000 - 0x00007fffb857a000 	C:\WINDOWS\System32\SHCORE.dll
0x00007fffb92e0000 - 0x00007fffb933d000 	C:\WINDOWS\System32\shlwapi.dll
0x00007fffb6780000 - 0x00007fffb67a1000 	C:\WINDOWS\SYSTEM32\profapi.dll
0x00007fff9e890000 - 0x00007fff9e8a9000 	C:\Program Files\Java\jdk-16.0.2\bin\net.dll
0x00007fffac160000 - 0x00007fffac26c000 	C:\WINDOWS\SYSTEM32\WINHTTP.dll
0x00007fffb5d50000 - 0x00007fffb5db7000 	C:\WINDOWS\system32\mswsock.dll
0x00007fff9e5b0000 - 0x00007fff9e5c3000 	C:\Program Files\Java\jdk-16.0.2\bin\nio.dll
0x00007fff9e590000 - 0x00007fff9e5a8000 	C:\Program Files\Java\jdk-16.0.2\bin\zip.dll
0x00007fff9f080000 - 0x00007fff9f200000 	C:\Program Files\Java\jdk-16.0.2\bin\awt.dll
0x00007fffb7320000 - 0x00007fffb73f6000 	C:\WINDOWS\System32\OLEAUT32.dll
0x00007fffb3940000 - 0x00007fffb39d2000 	C:\WINDOWS\SYSTEM32\apphelp.dll
0x00007fffb3f50000 - 0x00007fffb3f7f000 	C:\WINDOWS\system32\DWMAPI.DLL
0x00007fffb3ae0000 - 0x00007fffb3b8c000 	C:\WINDOWS\system32\uxtheme.dll
0x00007fff7e590000 - 0x00007fff7e691000 	C:\WINDOWS\system32\opengl32.dll
0x00007fff88b90000 - 0x00007fff88bbd000 	C:\WINDOWS\SYSTEM32\GLU32.dll
0x00007fffb3cd0000 - 0x00007fffb3d08000 	C:\WINDOWS\SYSTEM32\dxcore.dll
0x00007fffb8c70000 - 0x00007fffb8d8d000 	C:\WINDOWS\System32\MSCTF.dll
0x00007fffb8730000 - 0x00007fffb88ca000 	C:\WINDOWS\System32\ole32.dll

dbghelp: loaded successfully - version: 4.0.5 - missing functions: none
symbol engine: initialized successfully - sym options: 0x614 - pdb path: .;C:\Program Files\Java\jdk-16.0.2\bin;C:\WINDOWS\SYSTEM32;C:\WINDOWS\WinSxS\amd64_microsoft.windows.common-controls_6595b64144ccf1df_6.0.22000.120_none_9d947278b86cc467;C:\Program Files\Java\jdk-16.0.2\bin\server

VM Arguments:
jvm_args: -Dfile.encoding=Cp1252 -XX:+ShowCodeDetailsInExceptionMessages 
java_command: testApp.Application
java_class_path (initial): T:\HK5\PTUD\BTLonCK\App_PayRoll\bin;T:\HK5\PTUD\BTLonCK\App_PayRoll\jcalendar-1.4.jar;T:\HK5\PTUD\BTLonCK\App_PayRoll\lib\sqljdbc42.jar
Launcher Type: SUN_STANDARD

[Global flags]
     intx CICompilerCount                          = 4                                         {product} {ergonomic}
     uint ConcGCThreads                            = 2                                         {product} {ergonomic}
     uint G1ConcRefinementThreads                  = 8                                         {product} {ergonomic}
   size_t G1HeapRegionSize                         = 1048576                                   {product} {ergonomic}
    uintx GCDrainStackTargetSize                   = 64                                        {product} {ergonomic}
   size_t InitialHeapSize                          = 132120576                                 {product} {ergonomic}
   size_t MarkStackSize                            = 4194304                                   {product} {ergonomic}
   size_t MaxHeapSize                              = 2101346304                                {product} {ergonomic}
   size_t MaxNewSize                               = 1260388352                                {product} {ergonomic}
   size_t MinHeapDeltaBytes                        = 1048576                                   {product} {ergonomic}
   size_t MinHeapSize                              = 8388608                                   {product} {ergonomic}
    uintx NonNMethodCodeHeapSize                   = 5839372                                {pd product} {ergonomic}
    uintx NonProfiledCodeHeapSize                  = 122909434                              {pd product} {ergonomic}
    uintx ProfiledCodeHeapSize                     = 122909434                              {pd product} {ergonomic}
    uintx ReservedCodeCacheSize                    = 251658240                              {pd product} {ergonomic}
     bool SegmentedCodeCache                       = true                                      {product} {ergonomic}
     bool ShowCodeDetailsInExceptionMessages       = true                                   {manageable} {command line}
   size_t SoftMaxHeapSize                          = 2101346304                             {manageable} {ergonomic}
     bool UseCompressedClassPointers               = true                           {product lp64_product} {ergonomic}
     bool UseCompressedOops                        = true                           {product lp64_product} {ergonomic}
     bool UseG1GC                                  = true                                      {product} {ergonomic}
     bool UseLargePagesIndividualAllocation        = false                                  {pd product} {ergonomic}

Logging:
Log output configuration:
 #0: stdout all=warning uptime,level,tags
 #1: stderr all=off uptime,level,tags

Environment Variables:
PATH=T:\máy ?o\bin\;C:\Program Files\Common Files\Oracle\Java\javapath;C:\WINDOWS\system32;C:\WINDOWS;C:\WINDOWS\System32\Wbem;C:\WINDOWS\System32\WindowsPowerShell\v1.0\;C:\WINDOWS\System32\OpenSSH\;C:\Program Files\MongoDB\Server\tools\bin;C:\Program Files\MongoDB\Server\5.0\bin;C:\Program Files (x86)\Microsoft SQL Server\150\DTS\Binn\;C:\Program Files\Microsoft SQL Server\Client SDK\ODBC\170\Tools\Binn\;C:\Program Files (x86)\Microsoft SQL Server\150\Tools\Binn\;C:\Program Files\Microsoft SQL Server\150\Tools\Binn\;C:\Program Files\Microsoft SQL Server\150\DTS\Binn\;C:\Program Files\Azure Data Studio\bin;C:\Users\HP\AppData\Local\Microsoft\WindowsApps;C:\Program Files (x86)\CodeBlocks\MinGW\bin;C:\Program Files\Azure Data Studio\bin;C:\Users\HP\AppData\Local\Programs\Microsoft VS Code\bin;C:\Program Files\MongoDB\Server\tools\bin;C:\Program Files\MongoDB\Server\5.0\bin;;C:\Program Files\Azure Data Studio\bin;C:\Program Files\Azure Data Studio\bin;T:\50_NguyenVanLoc\
USERNAME=HP
OS=Windows_NT
PROCESSOR_IDENTIFIER=Intel64 Family 6 Model 142 Stepping 12, GenuineIntel



---------------  S Y S T E M  ---------------

OS:
 Windows 10 , 64 bit Build 22000 (10.0.22000.708)
OS uptime: 2 days 19:51 hours
Hyper-V role detected

CPU: total 8 (initial active 8) (4 cores per cpu, 2 threads per core) family 6 model 142 stepping 12 microcode 0xec, cx8, cmov, fxsr, ht, mmx, 3dnowpref, sse, sse2, sse3, ssse3, sse4.1, sse4.2, popcnt, lzcnt, tsc, tscinvbit, avx, avx2, aes, erms, clmul, bmi1, bmi2, adx, fma, vzeroupper, clflush, clflushopt, hv

Memory: 4k page, system-wide physical 8014M (1414M free)
TotalPageFile size 16014M (AvailPageFile size 4M)
current process WorkingSet (physical memory assigned to process): 56M, peak: 56M
current process commit charge ("private bytes"): 220M, peak: 220M

vm_info: Java HotSpot(TM) 64-Bit Server VM (16.0.2+7-67) for windows-amd64 JRE (16.0.2+7-67), built on Jun  8 2021 23:24:19 by "mach5one" with MS VC++ 16.7 (VS2019)

END.
